<?xml version="1.0" encoding="UTF-8"?>
<!-- Generated by org.testng.reporters.JUnitReportReporter -->
<testsuite skipped="0" hostname="Hang-PC" name="functionalities.FileUploading" tests="1" failures="0" timestamp="2020-06-27T15:32:52 ICT" time="44.836" errors="0">
  <testcase name="test" time="44.836" classname="functionalities.FileUploading"/>
  <system-out/>
</testsuite> <!-- functionalities.FileUploading -->
